INFO:fiftyone.zoo.datasets:Downloading split 'validation' to '/root/fiftyone/coco-2017/validation' if necessary
INFO:fiftyone.utils.coco:Found annotations at '/root/fiftyone/coco-2017/raw/instances_val2017.json'
INFO:fiftyone.utils.coco:Sufficient images already downloaded
INFO:fiftyone.zoo.datasets:Existing download of split 'validation' is sufficient
INFO:fiftyone.zoo.datasets:Loading existing dataset 'coco-2017-val'. To reload from disk, either delete the existing dataset or provide a custom `dataset_name` to use
WARNING:werkzeug: * Running on all addresses.
   WARNING: This is a development server. Do not use it in a production deployment.
INFO:werkzeug: * Running on http://172.19.0.3:5000/ (Press CTRL+C to quit)
INFO:fiftyone.utils.eval.detection:Evaluating detections...
INFO:eta.core.utils: 100% |███████████| 2/2 [87.5ms elapsed, 0s remaining, 22.9 samples/s] 
INFO:fiftyone.utils.eval.coco:Performing IoU sweep...
INFO:eta.core.utils: 100% |███████████| 2/2 [20.8ms elapsed, 0s remaining, 96.4 samples/s] 
INFO:root:Results for cloud_fasterrcnn_mobilenet_v3_large_320_fpn are:
INFO:root:               precision    recall  f1-score   support
INFO:root:
INFO:root:          car       0.00      0.00      0.00         2
INFO:root:       person       1.00      1.00      1.00         1
INFO:root:tennis racket       0.00      0.00      0.00         1
INFO:root:        truck       1.00      1.00      1.00         1
INFO:root:  sports ball       0.00      0.00      0.00         1
INFO:root:
INFO:root:    micro avg       1.00      0.33      0.50         6
INFO:root:    macro avg       0.40      0.40      0.40         6
INFO:root: weighted avg       0.33      0.33      0.33         6
INFO:root:
INFO:fiftyone.utils.eval.detection:Evaluating detections...
INFO:eta.core.utils: 100% |███████████| 0/0 [3.0ms elapsed, ? remaining, ? samples/s] 
INFO:fiftyone.utils.eval.coco:Performing IoU sweep...
INFO:eta.core.utils: 100% |███████████| 0/0 [3.3ms elapsed, ? remaining, ? samples/s] 
INFO:root:Results for edge1_retinanet_resnet50_fpn are:
INFO:root:               precision    recall  f1-score   support
INFO:root:
INFO:root:          car       0.00      0.00      0.00       0.0
INFO:root:       person       0.00      0.00      0.00       0.0
INFO:root:  sports ball       0.00      0.00      0.00       0.0
INFO:root:        truck       0.00      0.00      0.00       0.0
INFO:root:tennis racket       0.00      0.00      0.00       0.0
INFO:root:
INFO:root:    micro avg       0.00      0.00      0.00       0.0
INFO:root:    macro avg       0.00      0.00      0.00       0.0
INFO:root: weighted avg       0.00      0.00      0.00       0.0
INFO:root:
INFO:werkzeug:172.19.0.4 - - [25/Feb/2022 11:36:56] "POST /endpoint HTTP/1.1" 200 -
INFO:fiftyone.utils.eval.detection:Evaluating detections...
INFO:eta.core.utils: 100% |███████████| 1/1 [114.6ms elapsed, 0s remaining, 8.7 samples/s] 
INFO:fiftyone.utils.eval.coco:Performing IoU sweep...
INFO:eta.core.utils: 100% |███████████| 1/1 [17.4ms elapsed, 0s remaining, 57.3 samples/s] 
INFO:root:Results for cloud_fasterrcnn_mobilenet_v3_large_320_fpn are:
INFO:root:              precision    recall  f1-score   support
INFO:root:
INFO:root:      person       1.00      0.50      0.67         2
INFO:root:      remote       0.00      0.00      0.00         2
INFO:root:  motorcycle       0.00      0.00      0.00         0
INFO:root:      laptop       0.00      0.00      0.00         1
INFO:root:       couch       0.00      0.00      0.00         1
INFO:root:
INFO:root:   micro avg       1.00      0.17      0.29         6
INFO:root:   macro avg       0.20      0.10      0.13         6
INFO:root:weighted avg       0.33      0.17      0.22         6
INFO:root:
INFO:fiftyone.utils.eval.detection:Evaluating detections...
INFO:eta.core.utils: 100% |███████████| 0/0 [3.0ms elapsed, ? remaining, ? samples/s] 
INFO:fiftyone.utils.eval.coco:Performing IoU sweep...
INFO:eta.core.utils: 100% |███████████| 0/0 [2.8ms elapsed, ? remaining, ? samples/s] 
INFO:root:Results for edge1_retinanet_resnet50_fpn are:
INFO:root:              precision    recall  f1-score   support
INFO:root:
INFO:root:      person       0.00      0.00      0.00       0.0
INFO:root:      remote       0.00      0.00      0.00       0.0
INFO:root:  motorcycle       0.00      0.00      0.00       0.0
INFO:root:      laptop       0.00      0.00      0.00       0.0
INFO:root:       couch       0.00      0.00      0.00       0.0
INFO:root:
INFO:root:   micro avg       0.00      0.00      0.00       0.0
INFO:root:   macro avg       0.00      0.00      0.00       0.0
INFO:root:weighted avg       0.00      0.00      0.00       0.0
INFO:root:
INFO:werkzeug:172.19.0.4 - - [25/Feb/2022 11:37:19] "POST /endpoint HTTP/1.1" 200 -
